<?xml version="1.0" encoding="UTF-8"?>
<testng-results ignored="0" total="19" passed="19" failed="0" skipped="0">
  <reporter-output>
  </reporter-output>
  <suite started-at="2025-11-26T16:17:24 IST" name="ProductCatalogSuite" finished-at="2025-11-26T16:17:31 IST" duration-ms="6966">
    <groups>
    </groups>
    <test started-at="2025-11-26T16:17:24 IST" name="AssessmentIntelligenceAPI Tests" finished-at="2025-11-26T16:17:27 IST" duration-ms="3419">
      <class name="com.transflower.tflassessment.AssessmentIntelligenceAPITest">
        <test-method signature="testGetCandidateResults_shouldReturn200()[pri:0, instance:com.transflower.tflassessment.AssessmentIntelligenceAPITest@5b367418]" started-at="2025-11-26T16:17:24 IST" name="testGetCandidateResults_shouldReturn200" finished-at="2025-11-26T16:17:27 IST" duration-ms="3330" status="PASS">
          <reporter-output>
          </reporter-output>
        </test-method> <!-- testGetCandidateResults_shouldReturn200 -->
      </class> <!-- com.transflower.tflassessment.AssessmentIntelligenceAPITest -->
    </test> <!-- AssessmentIntelligenceAPI Tests -->
    <test started-at="2025-11-26T16:17:27 IST" name="AssessmentAPI" finished-at="2025-11-26T16:17:31 IST" duration-ms="3491">
      <class name="com.transflower.tflassessment.AssessmentAPITest">
        <test-method signature="AddQuestion()[pri:0, instance:com.transflower.tflassessment.AssessmentAPITest@2bb3058]" started-at="2025-11-26T16:17:27 IST" name="AddQuestion" finished-at="2025-11-26T16:17:28 IST" duration-ms="173" status="PASS">
          <reporter-output>
          </reporter-output>
        </test-method> <!-- AddQuestion -->
        <test-method signature="AddTest()[pri:0, instance:com.transflower.tflassessment.AssessmentAPITest@2bb3058]" started-at="2025-11-26T16:17:28 IST" name="AddTest" finished-at="2025-11-26T16:17:28 IST" duration-ms="630" status="PASS">
          <reporter-output>
          </reporter-output>
        </test-method> <!-- AddTest -->
        <test-method signature="ChangeDuration()[pri:0, instance:com.transflower.tflassessment.AssessmentAPITest@2bb3058]" started-at="2025-11-26T16:17:28 IST" name="ChangeDuration" finished-at="2025-11-26T16:17:28 IST" duration-ms="26" status="PASS">
          <reporter-output>
          </reporter-output>
        </test-method> <!-- ChangeDuration -->
        <test-method signature="CreateTest()[pri:0, instance:com.transflower.tflassessment.AssessmentAPITest@2bb3058]" started-at="2025-11-26T16:17:28 IST" name="CreateTest" finished-at="2025-11-26T16:17:28 IST" duration-ms="154" status="PASS">
          <reporter-output>
          </reporter-output>
        </test-method> <!-- CreateTest -->
        <test-method signature="GetAll()[pri:0, instance:com.transflower.tflassessment.AssessmentAPITest@2bb3058]" started-at="2025-11-26T16:17:28 IST" name="GetAll" finished-at="2025-11-26T16:17:29 IST" duration-ms="384" status="PASS">
          <reporter-output>
          </reporter-output>
        </test-method> <!-- GetAll -->
        <test-method signature="GetAllAssesment()[pri:0, instance:com.transflower.tflassessment.AssessmentAPITest@2bb3058]" started-at="2025-11-26T16:17:29 IST" name="GetAllAssesment" finished-at="2025-11-26T16:17:29 IST" duration-ms="260" status="PASS">
          <reporter-output>
          </reporter-output>
        </test-method> <!-- GetAllAssesment -->
        <test-method signature="GetAllBySubjectMatterExpert()[pri:0, instance:com.transflower.tflassessment.AssessmentAPITest@2bb3058]" started-at="2025-11-26T16:17:29 IST" name="GetAllBySubjectMatterExpert" finished-at="2025-11-26T16:17:29 IST" duration-ms="318" status="PASS">
          <reporter-output>
          </reporter-output>
        </test-method> <!-- GetAllBySubjectMatterExpert -->
        <test-method signature="GetAllEmployees()[pri:0, instance:com.transflower.tflassessment.AssessmentAPITest@2bb3058]" started-at="2025-11-26T16:17:29 IST" name="GetAllEmployees" finished-at="2025-11-26T16:17:30 IST" duration-ms="198" status="PASS">
          <reporter-output>
          </reporter-output>
        </test-method> <!-- GetAllEmployees -->
        <test-method signature="GetAllQuestionsBySubject()[pri:0, instance:com.transflower.tflassessment.AssessmentAPITest@2bb3058]" started-at="2025-11-26T16:17:30 IST" name="GetAllQuestionsBySubject" finished-at="2025-11-26T16:17:30 IST" duration-ms="194" status="PASS">
          <reporter-output>
          </reporter-output>
        </test-method> <!-- GetAllQuestionsBySubject -->
        <test-method signature="GetAllSubjects()[pri:0, instance:com.transflower.tflassessment.AssessmentAPITest@2bb3058]" started-at="2025-11-26T16:17:30 IST" name="GetAllSubjects" finished-at="2025-11-26T16:17:30 IST" duration-ms="137" status="PASS">
          <reporter-output>
          </reporter-output>
        </test-method> <!-- GetAllSubjects -->
        <test-method signature="GetConceptsBySubject()[pri:0, instance:com.transflower.tflassessment.AssessmentAPITest@2bb3058]" started-at="2025-11-26T16:17:30 IST" name="GetConceptsBySubject" finished-at="2025-11-26T16:17:30 IST" duration-ms="201" status="PASS">
          <reporter-output>
          </reporter-output>
        </test-method> <!-- GetConceptsBySubject -->
        <test-method signature="GetDetails()[pri:0, instance:com.transflower.tflassessment.AssessmentAPITest@2bb3058]" started-at="2025-11-26T16:17:30 IST" name="GetDetails" finished-at="2025-11-26T16:17:30 IST" duration-ms="196" status="PASS">
          <reporter-output>
          </reporter-output>
        </test-method> <!-- GetDetails -->
        <test-method signature="GetEmployeeById()[pri:0, instance:com.transflower.tflassessment.AssessmentAPITest@2bb3058]" started-at="2025-11-26T16:17:30 IST" name="GetEmployeeById" finished-at="2025-11-26T16:17:30 IST" duration-ms="188" status="PASS">
          <reporter-output>
          </reporter-output>
        </test-method> <!-- GetEmployeeById -->
        <test-method signature="GetSmeBySubject()[pri:0, instance:com.transflower.tflassessment.AssessmentAPITest@2bb3058]" started-at="2025-11-26T16:17:30 IST" name="GetSmeBySubject" finished-at="2025-11-26T16:17:31 IST" duration-ms="199" status="PASS">
          <reporter-output>
          </reporter-output>
        </test-method> <!-- GetSmeBySubject -->
        <test-method signature="RemoveQuestion()[pri:0, instance:com.transflower.tflassessment.AssessmentAPITest@2bb3058]" started-at="2025-11-26T16:17:31 IST" name="RemoveQuestion" finished-at="2025-11-26T16:17:31 IST" duration-ms="17" status="PASS">
          <reporter-output>
          </reporter-output>
        </test-method> <!-- RemoveQuestion -->
        <test-method signature="RemoveQuestions()[pri:0, instance:com.transflower.tflassessment.AssessmentAPITest@2bb3058]" started-at="2025-11-26T16:17:31 IST" name="RemoveQuestions" finished-at="2025-11-26T16:17:31 IST" duration-ms="21" status="PASS">
          <reporter-output>
          </reporter-output>
        </test-method> <!-- RemoveQuestions -->
        <test-method signature="Reschedule()[pri:0, instance:com.transflower.tflassessment.AssessmentAPITest@2bb3058]" started-at="2025-11-26T16:17:31 IST" name="Reschedule" finished-at="2025-11-26T16:17:31 IST" duration-ms="15" status="PASS">
          <reporter-output>
          </reporter-output>
        </test-method> <!-- Reschedule -->
        <test-method signature="getConcept()[pri:0, instance:com.transflower.tflassessment.AssessmentAPITest@2bb3058]" started-at="2025-11-26T16:17:31 IST" name="getConcept" finished-at="2025-11-26T16:17:31 IST" duration-ms="157" status="PASS">
          <reporter-output>
          </reporter-output>
        </test-method> <!-- getConcept -->
      </class> <!-- com.transflower.tflassessment.AssessmentAPITest -->
    </test> <!-- AssessmentAPI -->
  </suite> <!-- ProductCatalogSuite -->
</testng-results>
