<?xml version="1.0" encoding="UTF-8"?>
<testsuite xmlns:xsi="http://www.w3.org/2001/XMLSchema-instance" xsi:noNamespaceSchemaLocation="https://maven.apache.org/surefire/maven-surefire-plugin/xsd/surefire-test-report-3.0.xsd" version="3.0" name="TestSuite" time="8.203" tests="20" errors="0" skipped="0" failures="1">
  <properties>
[...]
</properties>
  <testcase name="testGetCandidateResults_shouldReturn200" classname="com.transflower.tflassessment.AssessmentIntelligenceAPITest" time="2.939">
    <system-err><![CDATA[SLF4J: Failed to load class "org.slf4j.impl.StaticLoggerBinder".
SLF4J: Defaulting to no-operation (NOP) logger implementation
SLF4J: See http://www.slf4j.org/codes.html#StaticLoggerBinder for further details.
]]></system-err>
  </testcase>
  <testcase name="AddQuestion" classname="com.transflower.tflassessment.AssessmentAPITest" time="0.168"/>
  <testcase name="AddTest" classname="com.transflower.tflassessment.AssessmentAPITest" time="0.629"/>
  <testcase name="ChangeDuration" classname="com.transflower.tflassessment.AssessmentAPITest" time="0.026"/>
  <testcase name="CreateTest" classname="com.transflower.tflassessment.AssessmentAPITest" time="0.149"/>
  <testcase name="GetAll" classname="com.transflower.tflassessment.AssessmentAPITest" time="0.336"/>
  <testcase name="GetAllAssesment" classname="com.transflower.tflassessment.AssessmentAPITest" time="0.241"/>
  <testcase name="GetAllBySubjectMatterExpert" classname="com.transflower.tflassessment.AssessmentAPITest" time="0.304"/>
  <testcase name="GetAllEmployees" classname="com.transflower.tflassessment.AssessmentAPITest" time="0.189"/>
  <testcase name="GetAllQuestionsBySubject" classname="com.transflower.tflassessment.AssessmentAPITest" time="0.212"/>
  <testcase name="GetAllSubjects" classname="com.transflower.tflassessment.AssessmentAPITest" time="0.138"/>
  <testcase name="GetAllTests" classname="com.transflower.tflassessment.AssessmentAPITest" time="0.052">
    <failure message="Expected response body to be verified as JSON, HTML or XML but no content-type was defined in the response.&#10;Try registering a default parser using:&#10;   RestAssured.defaultParser(&lt;parser type&gt;);&#10;Content was:&#10;&#10;" type="java.lang.IllegalStateException"><![CDATA[java.lang.IllegalStateException: 
Expected response body to be verified as JSON, HTML or XML but no content-type was defined in the response.
Try registering a default parser using:
   RestAssured.defaultParser(<parser type>);
Content was:


	at java.base/jdk.internal.reflect.DirectConstructorHandleAccessor.newInstance(DirectConstructorHandleAccessor.java:62)
	at java.base/java.lang.reflect.Constructor.newInstanceWithCaller(Constructor.java:499)
	at java.base/java.lang.reflect.Constructor.newInstance(Constructor.java:483)
	at org.codehaus.groovy.reflection.CachedConstructor.invoke(CachedConstructor.java:73)
	at org.codehaus.groovy.reflection.CachedConstructor.doConstructorInvoke(CachedConstructor.java:60)
	at org.codehaus.groovy.runtime.callsite.ConstructorSite$ConstructorSiteNoUnwrap.callConstructor(ConstructorSite.java:86)
	at org.codehaus.groovy.runtime.callsite.CallSiteArray.defaultCallConstructor(CallSiteArray.java:57)
	at org.codehaus.groovy.runtime.callsite.AbstractCallSite.callConstructor(AbstractCallSite.java:263)
	at org.codehaus.groovy.runtime.callsite.AbstractCallSite.callConstructor(AbstractCallSite.java:277)
	at io.restassured.assertion.StreamVerifier.newAssertion(StreamVerifier.groovy:43)
	at io.restassured.internal.assertion.BodyMatcher.validate(BodyMatcher.java:93)
	at io.restassured.internal.assertion.BodyMatcherGroup.lambda$validate$0(BodyMatcherGroup.java:30)
	at java.base/java.util.stream.ReferencePipeline$3$1.accept(ReferencePipeline.java:215)
	at java.base/java.util.ArrayList$ArrayListSpliterator.forEachRemaining(ArrayList.java:1716)
	at java.base/java.util.stream.AbstractPipeline.copyInto(AbstractPipeline.java:570)
	at java.base/java.util.stream.AbstractPipeline.wrapAndCopyInto(AbstractPipeline.java:560)
	at java.base/java.util.stream.ReduceOps$ReduceOp.evaluateSequential(ReduceOps.java:921)
	at java.base/java.util.stream.AbstractPipeline.evaluate(AbstractPipeline.java:265)
	at java.base/java.util.stream.ReferencePipeline.collect(ReferencePipeline.java:727)
	at io.restassured.internal.assertion.BodyMatcherGroup.validate(BodyMatcherGroup.java:30)
	at io.restassured.internal.assertion.BodyMatcherGroup$validate$3.call(Unknown Source)
	at org.codehaus.groovy.runtime.callsite.CallSiteArray.defaultCall(CallSiteArray.java:45)
	at io.restassured.internal.assertion.BodyMatcherGroup$validate$3.call(Unknown Source)
	at io.restassured.internal.ResponseSpecificationImpl$HamcrestAssertionClosure.validate(ResponseSpecificationImpl.groovy:499)
	at io.restassured.internal.ResponseSpecificationImpl$HamcrestAssertionClosure$validate$1.call(Unknown Source)
	at io.restassured.internal.ResponseSpecificationImpl.validateResponseIfRequired(ResponseSpecificationImpl.groovy:696)
	at io.restassured.internal.ResponseSpecificationImpl.this$2$validateResponseIfRequired(ResponseSpecificationImpl.groovy)
	at java.base/jdk.internal.reflect.DirectMethodHandleAccessor.invoke(DirectMethodHandleAccessor.java:104)
	at java.base/java.lang.reflect.Method.invoke(Method.java:565)
	at org.codehaus.groovy.runtime.callsite.PlainObjectMetaMethodSite.doInvoke(PlainObjectMetaMethodSite.java:43)
	at org.codehaus.groovy.runtime.callsite.PogoMetaMethodSite$PogoCachedMethodSiteNoUnwrapNoCoerce.invoke(PogoMetaMethodSite.java:198)
	at org.codehaus.groovy.runtime.callsite.PogoMetaMethodSite.callCurrent(PogoMetaMethodSite.java:62)
	at org.codehaus.groovy.runtime.callsite.AbstractCallSite.callCurrent(AbstractCallSite.java:185)
	at io.restassured.internal.ResponseSpecificationImpl.body(ResponseSpecificationImpl.groovy:270)
	at io.restassured.specification.ResponseSpecification$body$1.callCurrent(Unknown Source)
	at io.restassured.internal.ResponseSpecificationImpl.body(ResponseSpecificationImpl.groovy:117)
	at io.restassured.internal.ValidatableResponseOptionsImpl.body(ValidatableResponseOptionsImpl.java:244)
	at com.transflower.tflassessment.AssessmentAPITest.GetAllTests(AssessmentAPITest.java:317)
	at java.base/jdk.internal.reflect.DirectMethodHandleAccessor.invoke(DirectMethodHandleAccessor.java:104)
	at java.base/java.lang.reflect.Method.invoke(Method.java:565)
	at org.testng.internal.invokers.MethodInvocationHelper.invokeMethod(MethodInvocationHelper.java:139)
	at org.testng.internal.invokers.TestInvoker.invokeMethod(TestInvoker.java:664)
	at org.testng.internal.invokers.TestInvoker.invokeTestMethod(TestInvoker.java:227)
	at org.testng.internal.invokers.MethodRunner.runInSequence(MethodRunner.java:50)
	at org.testng.internal.invokers.TestInvoker$MethodInvocationAgent.invoke(TestInvoker.java:957)
	at org.testng.internal.invokers.TestInvoker.invokeTestMethods(TestInvoker.java:200)
	at org.testng.internal.invokers.TestMethodWorker.invokeTestMethods(TestMethodWorker.java:148)
	at org.testng.internal.invokers.TestMethodWorker.run(TestMethodWorker.java:128)
	at java.base/java.util.ArrayList.forEach(ArrayList.java:1604)
	at org.testng.TestRunner.privateRun(TestRunner.java:848)
	at org.testng.TestRunner.run(TestRunner.java:621)
	at org.testng.SuiteRunner.runTest(SuiteRunner.java:443)
	at org.testng.SuiteRunner.runSequentially(SuiteRunner.java:437)
	at org.testng.SuiteRunner.privateRun(SuiteRunner.java:397)
	at org.testng.SuiteRunner.run(SuiteRunner.java:336)
	at org.testng.SuiteRunnerWorker.runSuite(SuiteRunnerWorker.java:52)
	at org.testng.SuiteRunnerWorker.run(SuiteRunnerWorker.java:95)
	at org.testng.TestNG.runSuitesSequentially(TestNG.java:1280)
	at org.testng.TestNG.runSuitesLocally(TestNG.java:1200)
	at org.testng.TestNG.runSuites(TestNG.java:1114)
	at org.testng.TestNG.run(TestNG.java:1082)
	at org.apache.maven.surefire.testng.TestNGExecutor.run(TestNGExecutor.java:308)
	at org.apache.maven.surefire.testng.TestNGXmlTestSuite.execute(TestNGXmlTestSuite.java:71)
	at org.apache.maven.surefire.testng.TestNGProvider.invoke(TestNGProvider.java:113)
	at org.apache.maven.surefire.booter.ForkedBooter.runSuitesInProcess(ForkedBooter.java:385)
	at org.apache.maven.surefire.booter.ForkedBooter.execute(ForkedBooter.java:162)
	at org.apache.maven.surefire.booter.ForkedBooter.run(ForkedBooter.java:507)
	at org.apache.maven.surefire.booter.ForkedBooter.main(ForkedBooter.java:495)
]]></failure>
  </testcase>
  <testcase name="GetConceptsBySubject" classname="com.transflower.tflassessment.AssessmentAPITest" time="0.172"/>
  <testcase name="GetDetails" classname="com.transflower.tflassessment.AssessmentAPITest" time="0.197"/>
  <testcase name="GetEmployeeById" classname="com.transflower.tflassessment.AssessmentAPITest" time="0.199"/>
  <testcase name="GetSmeBySubject" classname="com.transflower.tflassessment.AssessmentAPITest" time="0.196"/>
  <testcase name="RemoveQuestion" classname="com.transflower.tflassessment.AssessmentAPITest" time="0.016"/>
  <testcase name="RemoveQuestions" classname="com.transflower.tflassessment.AssessmentAPITest" time="0.016"/>
  <testcase name="Reschedule" classname="com.transflower.tflassessment.AssessmentAPITest" time="0.02"/>
  <testcase name="getConcept" classname="com.transflower.tflassessment.AssessmentAPITest" time="0.161"/>
</testsuite>