<?xml version="1.0" encoding="UTF-8"?>
<!-- Generated by org.testng.reporters.JUnitXMLReporter -->
<testsuite ignored="0" hostname="LAPTOP-5H4RF4LV" failures="0" tests="19" name="AssessmentAPI" time="5.301" errors="0" timestamp="2025-11-26T17:15:20 IST">
  <testcase classname="com.transflower.tflassessment.AssessmentAPITest" name="AddQuestion" time="1.13"/>
  <testcase classname="com.transflower.tflassessment.AssessmentAPITest" name="AddTest" time="0.881"/>
  <testcase classname="com.transflower.tflassessment.AssessmentAPITest" name="ChangeDuration" time="0.05"/>
  <testcase classname="com.transflower.tflassessment.AssessmentAPITest" name="CreateTest" time="0.186"/>
  <testcase classname="com.transflower.tflassessment.AssessmentAPITest" name="GetAll" time="0.439"/>
  <testcase classname="com.transflower.tflassessment.AssessmentAPITest" name="GetAllAssesment" time="0.331"/>
  <testcase classname="com.transflower.tflassessment.AssessmentAPITest" name="GetAllBySubjectMatterExpert" time="0.372"/>
  <testcase classname="com.transflower.tflassessment.AssessmentAPITest" name="GetAllEmployees" time="0.246"/>
  <testcase classname="com.transflower.tflassessment.AssessmentAPITest" name="GetAllQuestionsBySubject" time="0.254"/>
  <testcase classname="com.transflower.tflassessment.AssessmentAPITest" name="GetAllSubjects" time="0.164"/>
  <testcase classname="com.transflower.tflassessment.AssessmentAPITest" name="GetConceptsBySubject" time="0.199"/>
  <testcase classname="com.transflower.tflassessment.AssessmentAPITest" name="GetDetails" time="0.217"/>
  <testcase classname="com.transflower.tflassessment.AssessmentAPITest" name="GetEmployeeById" time="0.226"/>
  <testcase classname="com.transflower.tflassessment.AssessmentAPITest" name="GetSmeBySubject" time="0.273"/>
  <testcase classname="com.transflower.tflassessment.AssessmentAPITest" name="RemoveQuestion" time="0.044"/>
  <testcase classname="com.transflower.tflassessment.AssessmentAPITest" name="RemoveQuestions" time="0.032"/>
  <testcase classname="com.transflower.tflassessment.AssessmentAPITest" name="Reschedule" time="0.028"/>
  <testcase classname="com.transflower.tflassessment.AssessmentAPITest" name="getConcept" time="0.168"/>
  <testcase classname="com.transflower.tflassessment.AssessmentAPITest" name="testGetAllSubjects" time="0.035"/>
</testsuite> <!-- AssessmentAPI -->
