<html>
<head>
<title>TestNG:  AssessmentAPI</title>
<link href="../testng.css" rel="stylesheet" type="text/css" />
<link href="../my-testng.css" rel="stylesheet" type="text/css" />

<style type="text/css">
.log { display: none;} 
.stack-trace { display: none;} 
</style>
<script type="text/javascript">
<!--
function flip(e) {
  current = e.style.display;
  if (current == 'block') {
    e.style.display = 'none';
    return 0;
  }
  else {
    e.style.display = 'block';
    return 1;
  }
}

function toggleBox(szDivId, elem, msg1, msg2)
{
  var res = -1;  if (document.getElementById) {
    res = flip(document.getElementById(szDivId));
  }
  else if (document.all) {
    // this is the way old msie versions work
    res = flip(document.all[szDivId]);
  }
  if(elem) {
    if(res == 0) elem.innerHTML = msg1; else elem.innerHTML = msg2;
  }

}

function toggleAllBoxes() {
  if (document.getElementsByTagName) {
    d = document.getElementsByTagName('div');
    for (i = 0; i < d.length; i++) {
      if (d[i].className == 'log') {
        flip(d[i]);
      }
    }
  }
}

// -->
</script>

</head>
<body>
<h2 align='center'>AssessmentAPI</h2><table border='1' align="center">
<tr>
<td>Tests passed/Failed/Skipped:</td><td>18/1/0</td>
</tr><tr>
<td>Started on:</td><td>Wed Nov 26 16:31:38 IST 2025</td>
</tr>
<tr><td>Total time:</td><td>3 seconds (3439 ms)</td>
</tr><tr>
<td>Included groups:</td><td></td>
</tr><tr>
<td>Excluded groups:</td><td></td>
</tr>
</table><p/>
<small><i>(Hover the method name to see the test class name)</i></small><p/>
<table width='100%' border='1' class='invocation-failed'>
<tr><td colspan='4' align='center'><b>FAILED TESTS</b></td></tr>
<tr><td><b>Test method</b></td>
<td><b>Attribute(s)</b></td>
<td width="30%"><b>Exception</b></td>
<td width="10%"><b>Time (seconds)</b></td>
<td><b>Instance</b></td>
</tr>
<tr>
<td title='com.transflower.tflassessment.AssessmentAPITest.GetAllTests()'><b>GetAllTests</b><br>Test class: com.transflower.tflassessment.AssessmentAPITest</td>
<td><div><pre>java.lang.IllegalStateException: Expected response body to be verified as JSON, HTML or XML but no content-type was defined in the response.
Try registering a default parser using:
   RestAssured.defaultParser(&lt;parser type&gt;);
Content was:


	at org.codehaus.groovy.runtime.callsite.ConstructorSite$ConstructorSiteNoUnwrap.callConstructor(ConstructorSite.java:86)
	at org.codehaus.groovy.runtime.callsite.CallSiteArray.defaultCallConstructor(CallSiteArray.java:57)
	at org.codehaus.groovy.runtime.callsite.AbstractCallSite.callConstructor(AbstractCallSite.java:263)
	at org.codehaus.groovy.runtime.callsite.AbstractCallSite.callConstructor(AbstractCallSite.java:277)
	at io.restassured.assertion.StreamVerifier.newAssertion(StreamVerifier.groovy:43)
	at io.restassured.internal.assertion.BodyMatcher.validate(BodyMatcher.java:93)
	at io.restassured.internal.assertion.BodyMatcherGroup.lambda$validate$0(BodyMatcherGroup.java:30)
	at java.base/java.util.stream.ReferencePipeline$3$1.accept(ReferencePipeline.java:215)
	at java.base/java.util.ArrayList$ArrayListSpliterator.forEachRemaining(ArrayList.java:1716)
	at java.base/java.util.stream.AbstractPipeline.copyInto(AbstractPipeline.java:570)
	at java.base/java.util.stream.AbstractPipeline.wrapAndCopyInto(AbstractPipeline.java:560)
	at java.base/java.util.stream.ReduceOps$ReduceOp.evaluateSequential(ReduceOps.java:921)
	at java.base/java.util.stream.AbstractPipeline.evaluate(AbstractPipeline.java:265)
	at java.base/java.util.stream.ReferencePipeline.collect(ReferencePipeline.java:727)
	at io.restassured.internal.assertion.BodyMatcherGroup.validate(BodyMatcherGroup.java:30)
	at io.restassured.internal.assertion.BodyMatcherGroup$validate$3.call(Unknown Source)
	at org.codehaus.groovy.runtime.callsite.CallSiteArray.defaultCall(CallSiteArray.java:45)
	at io.restassured.internal.assertion.BodyMatcherGroup$validate$3.call(Unknown Source)
	at io.restassured.internal.ResponseSpecificationImpl$HamcrestAssertionClosure.validate(ResponseSpecificationImpl.groovy:499)
	at io.restassured.internal.ResponseSpecificationImpl$HamcrestAssertionClosure$validate$1.call(Unknown Source)
	at io.restassured.internal.ResponseSpecificationImpl.validateResponseIfRequired(ResponseSpecificationImpl.groovy:696)
	at io.restassured.internal.ResponseSpecificationImpl.this$2$validateResponseIfRequired(ResponseSpecificationImpl.groovy)
	at org.codehaus.groovy.runtime.callsite.PlainObjectMetaMethodSite.doInvoke(PlainObjectMetaMethodSite.java:43)
	at org.codehaus.groovy.runtime.callsite.PogoMetaMethodSite$PogoCachedMethodSiteNoUnwrapNoCoerce.invoke(PogoMetaMethodSite.java:198)
	at org.codehaus.groovy.runtime.callsite.PogoMetaMethodSite.callCurrent(PogoMetaMethodSite.java:62)
	at org.codehaus.groovy.runtime.callsite.AbstractCallSite.callCurrent(AbstractCallSite.java:185)
	at io.restassured.internal.ResponseSpecificationImpl.body(ResponseSpecificationImpl.groovy:270)
	at io.restassured.specification.ResponseSpecification$body$1.callCurrent(Unknown Source)
	at io.restassured.internal.ResponseSpecificationImpl.body(ResponseSpecificationImpl.groovy:117)
	at io.restassured.internal.ValidatableResponseOptionsImpl.body(ValidatableResponseOptionsImpl.java:244)
	at com.transflower.tflassessment.AssessmentAPITest.GetAllTests(AssessmentAPITest.java:317)
	at java.base/java.util.ArrayList.forEach(ArrayList.java:1604)
... Removed 36 stack frames</pre></div><a href='#' onClick='toggleBox("stack-trace2004683715", this, "Click to show all stack frames", "Click to hide stack frames")'>Click to show all stack frames</a>
<div class='stack-trace' id='stack-trace2004683715'><pre>java.lang.IllegalStateException: Expected response body to be verified as JSON, HTML or XML but no content-type was defined in the response.
Try registering a default parser using:
   RestAssured.defaultParser(&lt;parser type&gt;);
Content was:


	at java.base/jdk.internal.reflect.DirectConstructorHandleAccessor.newInstance(DirectConstructorHandleAccessor.java:62)
	at java.base/java.lang.reflect.Constructor.newInstanceWithCaller(Constructor.java:499)
	at java.base/java.lang.reflect.Constructor.newInstance(Constructor.java:483)
	at org.codehaus.groovy.reflection.CachedConstructor.invoke(CachedConstructor.java:73)
	at org.codehaus.groovy.reflection.CachedConstructor.doConstructorInvoke(CachedConstructor.java:60)
	at org.codehaus.groovy.runtime.callsite.ConstructorSite$ConstructorSiteNoUnwrap.callConstructor(ConstructorSite.java:86)
	at org.codehaus.groovy.runtime.callsite.CallSiteArray.defaultCallConstructor(CallSiteArray.java:57)
	at org.codehaus.groovy.runtime.callsite.AbstractCallSite.callConstructor(AbstractCallSite.java:263)
	at org.codehaus.groovy.runtime.callsite.AbstractCallSite.callConstructor(AbstractCallSite.java:277)
	at io.restassured.assertion.StreamVerifier.newAssertion(StreamVerifier.groovy:43)
	at io.restassured.internal.assertion.BodyMatcher.validate(BodyMatcher.java:93)
	at io.restassured.internal.assertion.BodyMatcherGroup.lambda$validate$0(BodyMatcherGroup.java:30)
	at java.base/java.util.stream.ReferencePipeline$3$1.accept(ReferencePipeline.java:215)
	at java.base/java.util.ArrayList$ArrayListSpliterator.forEachRemaining(ArrayList.java:1716)
	at java.base/java.util.stream.AbstractPipeline.copyInto(AbstractPipeline.java:570)
	at java.base/java.util.stream.AbstractPipeline.wrapAndCopyInto(AbstractPipeline.java:560)
	at java.base/java.util.stream.ReduceOps$ReduceOp.evaluateSequential(ReduceOps.java:921)
	at java.base/java.util.stream.AbstractPipeline.evaluate(AbstractPipeline.java:265)
	at java.base/java.util.stream.ReferencePipeline.collect(ReferencePipeline.java:727)
	at io.restassured.internal.assertion.BodyMatcherGroup.validate(BodyMatcherGroup.java:30)
	at io.restassured.internal.assertion.BodyMatcherGroup$validate$3.call(Unknown Source)
	at org.codehaus.groovy.runtime.callsite.CallSiteArray.defaultCall(CallSiteArray.java:45)
	at io.restassured.internal.assertion.BodyMatcherGroup$validate$3.call(Unknown Source)
	at io.restassured.internal.ResponseSpecificationImpl$HamcrestAssertionClosure.validate(ResponseSpecificationImpl.groovy:499)
	at io.restassured.internal.ResponseSpecificationImpl$HamcrestAssertionClosure$validate$1.call(Unknown Source)
	at io.restassured.internal.ResponseSpecificationImpl.validateResponseIfRequired(ResponseSpecificationImpl.groovy:696)
	at io.restassured.internal.ResponseSpecificationImpl.this$2$validateResponseIfRequired(ResponseSpecificationImpl.groovy)
	at java.base/jdk.internal.reflect.DirectMethodHandleAccessor.invoke(DirectMethodHandleAccessor.java:104)
	at java.base/java.lang.reflect.Method.invoke(Method.java:565)
	at org.codehaus.groovy.runtime.callsite.PlainObjectMetaMethodSite.doInvoke(PlainObjectMetaMethodSite.java:43)
	at org.codehaus.groovy.runtime.callsite.PogoMetaMethodSite$PogoCachedMethodSiteNoUnwrapNoCoerce.invoke(PogoMetaMethodSite.java:198)
	at org.codehaus.groovy.runtime.callsite.PogoMetaMethodSite.callCurrent(PogoMetaMethodSite.java:62)
	at org.codehaus.groovy.runtime.callsite.AbstractCallSite.callCurrent(AbstractCallSite.java:185)
	at io.restassured.internal.ResponseSpecificationImpl.body(ResponseSpecificationImpl.groovy:270)
	at io.restassured.specification.ResponseSpecification$body$1.callCurrent(Unknown Source)
	at io.restassured.internal.ResponseSpecificationImpl.body(ResponseSpecificationImpl.groovy:117)
	at io.restassured.internal.ValidatableResponseOptionsImpl.body(ValidatableResponseOptionsImpl.java:244)
	at com.transflower.tflassessment.AssessmentAPITest.GetAllTests(AssessmentAPITest.java:317)
	at java.base/jdk.internal.reflect.DirectMethodHandleAccessor.invoke(DirectMethodHandleAccessor.java:104)
	at java.base/java.lang.reflect.Method.invoke(Method.java:565)
	at org.testng.internal.invokers.MethodInvocationHelper.invokeMethod(MethodInvocationHelper.java:139)
	at org.testng.internal.invokers.TestInvoker.invokeMethod(TestInvoker.java:664)
	at org.testng.internal.invokers.TestInvoker.invokeTestMethod(TestInvoker.java:227)
	at org.testng.internal.invokers.MethodRunner.runInSequence(MethodRunner.java:50)
	at org.testng.internal.invokers.TestInvoker$MethodInvocationAgent.invoke(TestInvoker.java:957)
	at org.testng.internal.invokers.TestInvoker.invokeTestMethods(TestInvoker.java:200)
	at org.testng.internal.invokers.TestMethodWorker.invokeTestMethods(TestMethodWorker.java:148)
	at org.testng.internal.invokers.TestMethodWorker.run(TestMethodWorker.java:128)
	at java.base/java.util.ArrayList.forEach(ArrayList.java:1604)
	at org.testng.TestRunner.privateRun(TestRunner.java:848)
	at org.testng.TestRunner.run(TestRunner.java:621)
	at org.testng.SuiteRunner.runTest(SuiteRunner.java:443)
	at org.testng.SuiteRunner.runSequentially(SuiteRunner.java:437)
	at org.testng.SuiteRunner.privateRun(SuiteRunner.java:397)
	at org.testng.SuiteRunner.run(SuiteRunner.java:336)
	at org.testng.SuiteRunnerWorker.runSuite(SuiteRunnerWorker.java:52)
	at org.testng.SuiteRunnerWorker.run(SuiteRunnerWorker.java:95)
	at org.testng.TestNG.runSuitesSequentially(TestNG.java:1280)
	at org.testng.TestNG.runSuitesLocally(TestNG.java:1200)
	at org.testng.TestNG.runSuites(TestNG.java:1114)
	at org.testng.TestNG.run(TestNG.java:1082)
	at org.apache.maven.surefire.testng.TestNGExecutor.run(TestNGExecutor.java:308)
	at org.apache.maven.surefire.testng.TestNGXmlTestSuite.execute(TestNGXmlTestSuite.java:71)
	at org.apache.maven.surefire.testng.TestNGProvider.invoke(TestNGProvider.java:113)
	at org.apache.maven.surefire.booter.ForkedBooter.runSuitesInProcess(ForkedBooter.java:385)
	at org.apache.maven.surefire.booter.ForkedBooter.execute(ForkedBooter.java:162)
	at org.apache.maven.surefire.booter.ForkedBooter.run(ForkedBooter.java:507)
	at org.apache.maven.surefire.booter.ForkedBooter.main(ForkedBooter.java:495)
</pre></div></td>
<td>0</td>
<td>com.transflower.tflassessment.AssessmentAPITest@7a362b6b</td></tr>
</table><p>
<table width='100%' border='1' class='invocation-passed'>
<tr><td colspan='4' align='center'><b>PASSED TESTS</b></td></tr>
<tr><td><b>Test method</b></td>
<td><b>Attribute(s)</b></td>
<td width="30%"><b>Exception</b></td>
<td width="10%"><b>Time (seconds)</b></td>
<td><b>Instance</b></td>
</tr>
<tr>
<td title='com.transflower.tflassessment.AssessmentAPITest.getConcept()'><b>getConcept</b><br>Test class: com.transflower.tflassessment.AssessmentAPITest</td>
<td></td>
<td>0</td>
<td>com.transflower.tflassessment.AssessmentAPITest@7a362b6b</td></tr>
<tr>
<td title='com.transflower.tflassessment.AssessmentAPITest.GetAllSubjects()'><b>GetAllSubjects</b><br>Test class: com.transflower.tflassessment.AssessmentAPITest</td>
<td></td>
<td>0</td>
<td>com.transflower.tflassessment.AssessmentAPITest@7a362b6b</td></tr>
<tr>
<td title='com.transflower.tflassessment.AssessmentAPITest.GetConceptsBySubject()'><b>GetConceptsBySubject</b><br>Test class: com.transflower.tflassessment.AssessmentAPITest</td>
<td></td>
<td>0</td>
<td>com.transflower.tflassessment.AssessmentAPITest@7a362b6b</td></tr>
<tr>
<td title='com.transflower.tflassessment.AssessmentAPITest.GetEmployeeById()'><b>GetEmployeeById</b><br>Test class: com.transflower.tflassessment.AssessmentAPITest</td>
<td></td>
<td>0</td>
<td>com.transflower.tflassessment.AssessmentAPITest@7a362b6b</td></tr>
<tr>
<td title='com.transflower.tflassessment.AssessmentAPITest.GetAll()'><b>GetAll</b><br>Test class: com.transflower.tflassessment.AssessmentAPITest</td>
<td></td>
<td>0</td>
<td>com.transflower.tflassessment.AssessmentAPITest@7a362b6b</td></tr>
<tr>
<td title='com.transflower.tflassessment.AssessmentAPITest.AddTest()'><b>AddTest</b><br>Test class: com.transflower.tflassessment.AssessmentAPITest</td>
<td></td>
<td>0</td>
<td>com.transflower.tflassessment.AssessmentAPITest@7a362b6b</td></tr>
<tr>
<td title='com.transflower.tflassessment.AssessmentAPITest.RemoveQuestion()'><b>RemoveQuestion</b><br>Test class: com.transflower.tflassessment.AssessmentAPITest</td>
<td></td>
<td>0</td>
<td>com.transflower.tflassessment.AssessmentAPITest@7a362b6b</td></tr>
<tr>
<td title='com.transflower.tflassessment.AssessmentAPITest.ChangeDuration()'><b>ChangeDuration</b><br>Test class: com.transflower.tflassessment.AssessmentAPITest</td>
<td></td>
<td>0</td>
<td>com.transflower.tflassessment.AssessmentAPITest@7a362b6b</td></tr>
<tr>
<td title='com.transflower.tflassessment.AssessmentAPITest.GetAllAssesment()'><b>GetAllAssesment</b><br>Test class: com.transflower.tflassessment.AssessmentAPITest</td>
<td></td>
<td>0</td>
<td>com.transflower.tflassessment.AssessmentAPITest@7a362b6b</td></tr>
<tr>
<td title='com.transflower.tflassessment.AssessmentAPITest.GetAllBySubjectMatterExpert()'><b>GetAllBySubjectMatterExpert</b><br>Test class: com.transflower.tflassessment.AssessmentAPITest</td>
<td></td>
<td>0</td>
<td>com.transflower.tflassessment.AssessmentAPITest@7a362b6b</td></tr>
<tr>
<td title='com.transflower.tflassessment.AssessmentAPITest.CreateTest()'><b>CreateTest</b><br>Test class: com.transflower.tflassessment.AssessmentAPITest</td>
<td></td>
<td>0</td>
<td>com.transflower.tflassessment.AssessmentAPITest@7a362b6b</td></tr>
<tr>
<td title='com.transflower.tflassessment.AssessmentAPITest.AddQuestion()'><b>AddQuestion</b><br>Test class: com.transflower.tflassessment.AssessmentAPITest</td>
<td></td>
<td>0</td>
<td>com.transflower.tflassessment.AssessmentAPITest@7a362b6b</td></tr>
<tr>
<td title='com.transflower.tflassessment.AssessmentAPITest.GetDetails()'><b>GetDetails</b><br>Test class: com.transflower.tflassessment.AssessmentAPITest</td>
<td></td>
<td>0</td>
<td>com.transflower.tflassessment.AssessmentAPITest@7a362b6b</td></tr>
<tr>
<td title='com.transflower.tflassessment.AssessmentAPITest.GetAllEmployees()'><b>GetAllEmployees</b><br>Test class: com.transflower.tflassessment.AssessmentAPITest</td>
<td></td>
<td>0</td>
<td>com.transflower.tflassessment.AssessmentAPITest@7a362b6b</td></tr>
<tr>
<td title='com.transflower.tflassessment.AssessmentAPITest.GetSmeBySubject()'><b>GetSmeBySubject</b><br>Test class: com.transflower.tflassessment.AssessmentAPITest</td>
<td></td>
<td>0</td>
<td>com.transflower.tflassessment.AssessmentAPITest@7a362b6b</td></tr>
<tr>
<td title='com.transflower.tflassessment.AssessmentAPITest.Reschedule()'><b>Reschedule</b><br>Test class: com.transflower.tflassessment.AssessmentAPITest</td>
<td></td>
<td>0</td>
<td>com.transflower.tflassessment.AssessmentAPITest@7a362b6b</td></tr>
<tr>
<td title='com.transflower.tflassessment.AssessmentAPITest.RemoveQuestions()'><b>RemoveQuestions</b><br>Test class: com.transflower.tflassessment.AssessmentAPITest</td>
<td></td>
<td>0</td>
<td>com.transflower.tflassessment.AssessmentAPITest@7a362b6b</td></tr>
<tr>
<td title='com.transflower.tflassessment.AssessmentAPITest.GetAllQuestionsBySubject()'><b>GetAllQuestionsBySubject</b><br>Test class: com.transflower.tflassessment.AssessmentAPITest</td>
<td></td>
<td>0</td>
<td>com.transflower.tflassessment.AssessmentAPITest@7a362b6b</td></tr>
</table><p>
</body>
</html>