<?xml version="1.0" encoding="UTF-8"?>
<!-- Generated by org.testng.reporters.JUnitXMLReporter -->
<testsuite ignored="0" hostname="LAPTOP-5H4RF4LV" failures="1" tests="19" name="AssessmentAPI" time="3.439" errors="0" timestamp="2025-11-26T16:31:42 IST">
  <testcase classname="com.transflower.tflassessment.AssessmentAPITest" name="AddQuestion" time="0.169"/>
  <testcase classname="com.transflower.tflassessment.AssessmentAPITest" name="AddTest" time="0.629"/>
  <testcase classname="com.transflower.tflassessment.AssessmentAPITest" name="ChangeDuration" time="0.026"/>
  <testcase classname="com.transflower.tflassessment.AssessmentAPITest" name="CreateTest" time="0.149"/>
  <testcase classname="com.transflower.tflassessment.AssessmentAPITest" name="GetAll" time="0.335"/>
  <testcase classname="com.transflower.tflassessment.AssessmentAPITest" name="GetAllAssesment" time="0.241"/>
  <testcase classname="com.transflower.tflassessment.AssessmentAPITest" name="GetAllBySubjectMatterExpert" time="0.304"/>
  <testcase classname="com.transflower.tflassessment.AssessmentAPITest" name="GetAllEmployees" time="0.188"/>
  <testcase classname="com.transflower.tflassessment.AssessmentAPITest" name="GetAllQuestionsBySubject" time="0.213"/>
  <testcase classname="com.transflower.tflassessment.AssessmentAPITest" name="GetAllSubjects" time="0.138"/>
  <testcase classname="com.transflower.tflassessment.AssessmentAPITest" name="GetAllTests" time="0.045">
    <failure type="java.lang.IllegalStateException" message="Expected response body to be verified as JSON, HTML or XML but no content-type was defined in the response.
Try registering a default parser using:
   RestAssured.defaultParser(&amp;lt;parser type&amp;gt;);
Content was:

">
      <![CDATA[java.lang.IllegalStateException: Expected response body to be verified as JSON, HTML or XML but no content-type was defined in the response.
Try registering a default parser using:
   RestAssured.defaultParser(<parser type>);
Content was:


at org.codehaus.groovy.runtime.callsite.ConstructorSite$ConstructorSiteNoUnwrap.callConstructor(ConstructorSite.java:86)
at org.codehaus.groovy.runtime.callsite.CallSiteArray.defaultCallConstructor(CallSiteArray.java:57)
at org.codehaus.groovy.runtime.callsite.AbstractCallSite.callConstructor(AbstractCallSite.java:263)
at org.codehaus.groovy.runtime.callsite.AbstractCallSite.callConstructor(AbstractCallSite.java:277)
at io.restassured.assertion.StreamVerifier.newAssertion(StreamVerifier.groovy:43)
at io.restassured.internal.assertion.BodyMatcher.validate(BodyMatcher.java:93)
at io.restassured.internal.assertion.BodyMatcherGroup.lambda$validate$0(BodyMatcherGroup.java:30)
at java.base/java.util.stream.ReferencePipeline$3$1.accept(ReferencePipeline.java:215)
at java.base/java.util.ArrayList$ArrayListSpliterator.forEachRemaining(ArrayList.java:1716)
at java.base/java.util.stream.AbstractPipeline.copyInto(AbstractPipeline.java:570)
at java.base/java.util.stream.AbstractPipeline.wrapAndCopyInto(AbstractPipeline.java:560)
at java.base/java.util.stream.ReduceOps$ReduceOp.evaluateSequential(ReduceOps.java:921)
at java.base/java.util.stream.AbstractPipeline.evaluate(AbstractPipeline.java:265)
at java.base/java.util.stream.ReferencePipeline.collect(ReferencePipeline.java:727)
at io.restassured.internal.assertion.BodyMatcherGroup.validate(BodyMatcherGroup.java:30)
at io.restassured.internal.assertion.BodyMatcherGroup$validate$3.call(Unknown Source)
at org.codehaus.groovy.runtime.callsite.CallSiteArray.defaultCall(CallSiteArray.java:45)
at io.restassured.internal.assertion.BodyMatcherGroup$validate$3.call(Unknown Source)
at io.restassured.internal.ResponseSpecificationImpl$HamcrestAssertionClosure.validate(ResponseSpecificationImpl.groovy:499)
at io.restassured.internal.ResponseSpecificationImpl$HamcrestAssertionClosure$validate$1.call(Unknown Source)
at io.restassured.internal.ResponseSpecificationImpl.validateResponseIfRequired(ResponseSpecificationImpl.groovy:696)
at io.restassured.internal.ResponseSpecificationImpl.this$2$validateResponseIfRequired(ResponseSpecificationImpl.groovy)
at org.codehaus.groovy.runtime.callsite.PlainObjectMetaMethodSite.doInvoke(PlainObjectMetaMethodSite.java:43)
at org.codehaus.groovy.runtime.callsite.PogoMetaMethodSite$PogoCachedMethodSiteNoUnwrapNoCoerce.invoke(PogoMetaMethodSite.java:198)
at org.codehaus.groovy.runtime.callsite.PogoMetaMethodSite.callCurrent(PogoMetaMethodSite.java:62)
at org.codehaus.groovy.runtime.callsite.AbstractCallSite.callCurrent(AbstractCallSite.java:185)
at io.restassured.internal.ResponseSpecificationImpl.body(ResponseSpecificationImpl.groovy:270)
at io.restassured.specification.ResponseSpecification$body$1.callCurrent(Unknown Source)
at io.restassured.internal.ResponseSpecificationImpl.body(ResponseSpecificationImpl.groovy:117)
at io.restassured.internal.ValidatableResponseOptionsImpl.body(ValidatableResponseOptionsImpl.java:244)
at com.transflower.tflassessment.AssessmentAPITest.GetAllTests(AssessmentAPITest.java:317)
at java.base/java.util.ArrayList.forEach(ArrayList.java:1604)
... Removed 36 stack frames]]>
    </failure>
  </testcase> <!-- GetAllTests -->
  <testcase classname="com.transflower.tflassessment.AssessmentAPITest" name="GetConceptsBySubject" time="0.173"/>
  <testcase classname="com.transflower.tflassessment.AssessmentAPITest" name="GetDetails" time="0.197"/>
  <testcase classname="com.transflower.tflassessment.AssessmentAPITest" name="GetEmployeeById" time="0.199"/>
  <testcase classname="com.transflower.tflassessment.AssessmentAPITest" name="GetSmeBySubject" time="0.195"/>
  <testcase classname="com.transflower.tflassessment.AssessmentAPITest" name="RemoveQuestion" time="0.016"/>
  <testcase classname="com.transflower.tflassessment.AssessmentAPITest" name="RemoveQuestions" time="0.016"/>
  <testcase classname="com.transflower.tflassessment.AssessmentAPITest" name="Reschedule" time="0.019"/>
  <testcase classname="com.transflower.tflassessment.AssessmentAPITest" name="getConcept" time="0.16"/>
</testsuite> <!-- AssessmentAPI -->
