<?xml version="1.0" encoding="UTF-8"?>
<!-- Generated by org.testng.reporters.JUnitXMLReporter -->
<testsuite ignored="0" hostname="LAPTOP-5H4RF4LV" failures="0" tests="18" name="AssessmentAPI" time="3.491" errors="0" timestamp="2025-11-26T16:17:31 IST">
  <testcase classname="com.transflower.tflassessment.AssessmentAPITest" name="AddQuestion" time="0.173"/>
  <testcase classname="com.transflower.tflassessment.AssessmentAPITest" name="AddTest" time="0.63"/>
  <testcase classname="com.transflower.tflassessment.AssessmentAPITest" name="ChangeDuration" time="0.026"/>
  <testcase classname="com.transflower.tflassessment.AssessmentAPITest" name="CreateTest" time="0.154"/>
  <testcase classname="com.transflower.tflassessment.AssessmentAPITest" name="GetAll" time="0.384"/>
  <testcase classname="com.transflower.tflassessment.AssessmentAPITest" name="GetAllAssesment" time="0.26"/>
  <testcase classname="com.transflower.tflassessment.AssessmentAPITest" name="GetAllBySubjectMatterExpert" time="0.318"/>
  <testcase classname="com.transflower.tflassessment.AssessmentAPITest" name="GetAllEmployees" time="0.198"/>
  <testcase classname="com.transflower.tflassessment.AssessmentAPITest" name="GetAllQuestionsBySubject" time="0.194"/>
  <testcase classname="com.transflower.tflassessment.AssessmentAPITest" name="GetAllSubjects" time="0.137"/>
  <testcase classname="com.transflower.tflassessment.AssessmentAPITest" name="GetConceptsBySubject" time="0.201"/>
  <testcase classname="com.transflower.tflassessment.AssessmentAPITest" name="GetDetails" time="0.196"/>
  <testcase classname="com.transflower.tflassessment.AssessmentAPITest" name="GetEmployeeById" time="0.188"/>
  <testcase classname="com.transflower.tflassessment.AssessmentAPITest" name="GetSmeBySubject" time="0.199"/>
  <testcase classname="com.transflower.tflassessment.AssessmentAPITest" name="RemoveQuestion" time="0.017"/>
  <testcase classname="com.transflower.tflassessment.AssessmentAPITest" name="RemoveQuestions" time="0.021"/>
  <testcase classname="com.transflower.tflassessment.AssessmentAPITest" name="Reschedule" time="0.015"/>
  <testcase classname="com.transflower.tflassessment.AssessmentAPITest" name="getConcept" time="0.157"/>
</testsuite> <!-- AssessmentAPI -->
