<?xml version="1.0" encoding="UTF-8"?>
<!-- Generated by org.testng.reporters.JUnitReportReporter -->
<testsuite hostname="LAPTOP-5H4RF4LV" failures="0" tests="2" name="com.transflower.tflassessment.ConceptAPITest" time="1.714" errors="0" timestamp="2025-11-27T17:04:20 IST" skipped="0">
  <testcase classname="com.transflower.tflassessment.ConceptAPITest" name="UpdateSubject" time="0.035"/>
  <testcase classname="com.transflower.tflassessment.ConceptAPITest" name="UpdateConcept" time="1.679"/>
</testsuite> <!-- com.transflower.tflassessment.ConceptAPITest -->
