<?xml version="1.0" encoding="UTF-8"?>
<!-- Generated by org.testng.reporters.JUnitReportReporter -->
<testsuite hostname="LAPTOP-5H4RF4LV" failures="0" tests="1" name="com.transflower.tflassessment.AssessmentIntelligenceAPITest" time="3.330" errors="0" timestamp="2025-11-26T16:17:31 IST" skipped="0">
  <testcase classname="com.transflower.tflassessment.AssessmentIntelligenceAPITest" name="testGetCandidateResults_shouldReturn200" time="3.330"/>
</testsuite> <!-- com.transflower.tflassessment.AssessmentIntelligenceAPITest -->
